<?xml version="1.0" encoding="UTF-8"?>
<!-- Generated by org.testng.reporters.JUnitXMLReporter -->
<testsuite hostname="shiva007" ignored="0" name="hybrid" tests="1" failures="0" timestamp="21 Jun 2023 05:10:38 GMT" time="0.0" errors="0">
  <testcase name="@BeforeSuite setUP" time="6.516" classname="Constant.PBConstant">
    <failure type="org.openqa.selenium.SessionNotCreatedException" message="session not created: This version of ChromeDriver only supports Chrome version 96
Current browser version is 114.0.5735.134 with binary path C:\Program Files\Google\Chrome\Application\chrome.exe
Build info: version: &amp;apos;3.14.0&amp;apos;, revision: &amp;apos;aacccce0&amp;apos;, time: &amp;apos;2018-08-02T20:13:22.693Z&amp;apos;
System info: host: &amp;apos;SHIVA007&amp;apos;, ip: &amp;apos;192.168.29.99&amp;apos;, os.name: &amp;apos;Windows 10&amp;apos;, os.arch: &amp;apos;amd64&amp;apos;, os.version: &amp;apos;10.0&amp;apos;, java.version: &amp;apos;1.8.0_121&amp;apos;
Driver info: driver.version: ChromeDriver
remote stacktrace: Backtrace:
	Ordinal0 [0x00F06903+2517251]
	Ordinal0 [0x00E9F8E1+2095329]
	Ordinal0 [0x00DA2848+1058888]
	Ordinal0 [0x00DC0B9D+1182621]
	Ordinal0 [0x00DBCA60+1165920]
	Ordinal0 [0x00DBA2CF+1155791]
	Ordinal0 [0x00DEAAAF+1354415]
	Ordinal0 [0x00DEA71A+1353498]
	Ordinal0 [0x00DE639B+1336219]
	Ordinal0 [0x00DC27A7+1189799]
	Ordinal0 [0x00DC3609+1193481]
	GetHandleVerifier [0x01095904+1577972]
	GetHandleVerifier [0x01140B97+2279047]
	GetHandleVerifier [0x00F96D09+534521]
	GetHandleVerifier [0x00F95DB9+530601]
	Ordinal0 [0x00EA4FF9+2117625]
	Ordinal0 [0x00EA98A8+2136232]
	Ordinal0 [0x00EA99E2+2136546]
	Ordinal0 [0x00EB3541+2176321]
	BaseThreadInitThunk [0x759800C9+25]
	RtlGetAppContainerNamedObjectPath [0x77B27B4E+286]
	RtlGetAppContainerNamedObjectPath [0x77B27B1E+238]
">
      <![CDATA[org.openqa.selenium.SessionNotCreatedException: session not created: This version of ChromeDriver only supports Chrome version 96
Current browser version is 114.0.5735.134 with binary path C:\Program Files\Google\Chrome\Application\chrome.exe
Build info: version: '3.14.0', revision: 'aacccce0', time: '2018-08-02T20:13:22.693Z'
System info: host: 'SHIVA007', ip: '192.168.29.99', os.name: 'Windows 10', os.arch: 'amd64', os.version: '10.0', java.version: '1.8.0_121'
Driver info: driver.version: ChromeDriver
remote stacktrace: Backtrace:
Ordinal0 [0x00F06903+2517251]
Ordinal0 [0x00E9F8E1+2095329]
Ordinal0 [0x00DA2848+1058888]
Ordinal0 [0x00DC0B9D+1182621]
Ordinal0 [0x00DBCA60+1165920]
Ordinal0 [0x00DBA2CF+1155791]
Ordinal0 [0x00DEAAAF+1354415]
Ordinal0 [0x00DEA71A+1353498]
Ordinal0 [0x00DE639B+1336219]
Ordinal0 [0x00DC27A7+1189799]
Ordinal0 [0x00DC3609+1193481]
GetHandleVerifier [0x01095904+1577972]
GetHandleVerifier [0x01140B97+2279047]
GetHandleVerifier [0x00F96D09+534521]
GetHandleVerifier [0x00F95DB9+530601]
Ordinal0 [0x00EA4FF9+2117625]
Ordinal0 [0x00EA98A8+2136232]
Ordinal0 [0x00EA99E2+2136546]
Ordinal0 [0x00EB3541+2176321]
BaseThreadInitThunk [0x759800C9+25]
RtlGetAppContainerNamedObjectPath [0x77B27B4E+286]
RtlGetAppContainerNamedObjectPath [0x77B27B1E+238]

at org.openqa.selenium.remote.W3CHandshakeResponse.lambda$new$0(W3CHandshakeResponse.java:57)
at org.openqa.selenium.remote.W3CHandshakeResponse.lambda$getResponseFunction$2(W3CHandshakeResponse.java:104)
at org.openqa.selenium.remote.ProtocolHandshake.lambda$createSession$0(ProtocolHandshake.java:122)
at java.util.stream.ReferencePipeline$3$1.accept(Unknown Source)
at java.util.Spliterators$ArraySpliterator.tryAdvance(Unknown Source)
at java.util.stream.ReferencePipeline.forEachWithCancel(Unknown Source)
at java.util.stream.AbstractPipeline.copyIntoWithCancel(Unknown Source)
at java.util.stream.AbstractPipeline.copyInto(Unknown Source)
at java.util.stream.AbstractPipeline.wrapAndCopyInto(Unknown Source)
at java.util.stream.FindOps$FindOp.evaluateSequential(Unknown Source)
at java.util.stream.AbstractPipeline.evaluate(Unknown Source)
at java.util.stream.ReferencePipeline.findFirst(Unknown Source)
at org.openqa.selenium.remote.ProtocolHandshake.createSession(ProtocolHandshake.java:125)
at org.openqa.selenium.remote.ProtocolHandshake.createSession(ProtocolHandshake.java:73)
at org.openqa.selenium.remote.HttpCommandExecutor.execute(HttpCommandExecutor.java:136)
at org.openqa.selenium.remote.service.DriverCommandExecutor.execute(DriverCommandExecutor.java:83)
at org.openqa.selenium.remote.RemoteWebDriver.execute(RemoteWebDriver.java:548)
at org.openqa.selenium.remote.RemoteWebDriver.startSession(RemoteWebDriver.java:212)
at org.openqa.selenium.remote.RemoteWebDriver.<init>(RemoteWebDriver.java:130)
at org.openqa.selenium.chrome.ChromeDriver.<init>(ChromeDriver.java:181)
at org.openqa.selenium.chrome.ChromeDriver.<init>(ChromeDriver.java:168)
at org.openqa.selenium.chrome.ChromeDriver.<init>(ChromeDriver.java:123)
at Constant.PBConstant.setUP(PBConstant.java:25)
... Removed 23 stack frames]]>
    </failure>
  </testcase> <!-- @BeforeSuite setUP -->
  <testcase name="startTest" time="0.0" classname="DriverFactory.DriverScript">
    <skipped/>
  </testcase> <!-- startTest -->
</testsuite> <!-- hybrid -->
