<?xml version="1.0" encoding="UTF-8"?>
<testng-results skipped="2" failed="0" ignored="0" total="2" passed="0">
  <reporter-output>
  </reporter-output>
  <suite name="FrameWorks" duration-ms="203" started-at="2023-06-21T05:10:38Z" finished-at="2023-06-21T05:10:38Z">
    <groups>
    </groups>
    <test name="datadriven" duration-ms="32" started-at="2023-06-21T05:10:38Z" finished-at="2023-06-21T05:10:38Z">
      <class name="DriverFactory.DataDrivenDriverScript">
        <test-method status="SKIP" signature="setUP()[pri:0, instance:DriverFactory.DataDrivenDriverScript@6d4b1c02]" name="setUP" is-config="true" duration-ms="0" started-at="2023-06-21T05:10:38Z" finished-at="2023-06-21T05:10:38Z">
          <reporter-output>
          </reporter-output>
        </test-method> <!-- setUP -->
        <test-method status="SKIP" signature="tearDown()[pri:0, instance:DriverFactory.DataDrivenDriverScript@6d4b1c02]" name="tearDown" is-config="true" duration-ms="0" started-at="2023-06-21T05:10:38Z" finished-at="2023-06-21T05:10:38Z">
          <reporter-output>
          </reporter-output>
        </test-method> <!-- tearDown -->
        <test-method status="SKIP" signature="verifyLogin()[pri:0, instance:DriverFactory.DataDrivenDriverScript@6d4b1c02]" name="verifyLogin" duration-ms="0" started-at="2023-06-21T05:10:38Z" finished-at="2023-06-21T05:10:38Z">
          <reporter-output>
          </reporter-output>
        </test-method> <!-- verifyLogin -->
      </class> <!-- DriverFactory.DataDrivenDriverScript -->
    </test> <!-- datadriven -->
    <test name="hybrid" duration-ms="0" started-at="2023-06-21T05:10:38Z" finished-at="2023-06-21T05:10:38Z">
      <class name="DriverFactory.DriverScript">
        <test-method status="FAIL" signature="setUP()[pri:0, instance:DriverFactory.DriverScript@59ec2012]" name="setUP" is-config="true" duration-ms="6516" started-at="2023-06-21T05:10:31Z" finished-at="2023-06-21T05:10:38Z">
          <exception class="org.openqa.selenium.SessionNotCreatedException">
            <message>
              <![CDATA[session not created: This version of ChromeDriver only supports Chrome version 96
Current browser version is 114.0.5735.134 with binary path C:\Program Files\Google\Chrome\Application\chrome.exe
Build info: version: '3.14.0', revision: 'aacccce0', time: '2018-08-02T20:13:22.693Z'
System info: host: 'SHIVA007', ip: '192.168.29.99', os.name: 'Windows 10', os.arch: 'amd64', os.version: '10.0', java.version: '1.8.0_121'
Driver info: driver.version: ChromeDriver
remote stacktrace: Backtrace:
Ordinal0 [0x00F06903+2517251]
Ordinal0 [0x00E9F8E1+2095329]
Ordinal0 [0x00DA2848+1058888]
Ordinal0 [0x00DC0B9D+1182621]
Ordinal0 [0x00DBCA60+1165920]
Ordinal0 [0x00DBA2CF+1155791]
Ordinal0 [0x00DEAAAF+1354415]
Ordinal0 [0x00DEA71A+1353498]
Ordinal0 [0x00DE639B+1336219]
Ordinal0 [0x00DC27A7+1189799]
Ordinal0 [0x00DC3609+1193481]
GetHandleVerifier [0x01095904+1577972]
GetHandleVerifier [0x01140B97+2279047]
GetHandleVerifier [0x00F96D09+534521]
GetHandleVerifier [0x00F95DB9+530601]
Ordinal0 [0x00EA4FF9+2117625]
Ordinal0 [0x00EA98A8+2136232]
Ordinal0 [0x00EA99E2+2136546]
Ordinal0 [0x00EB3541+2176321]
BaseThreadInitThunk [0x759800C9+25]
RtlGetAppContainerNamedObjectPath [0x77B27B4E+286]
RtlGetAppContainerNamedObjectPath [0x77B27B1E+238]
]]>
            </message>
            <full-stacktrace>
              <![CDATA[org.openqa.selenium.SessionNotCreatedException: session not created: This version of ChromeDriver only supports Chrome version 96
Current browser version is 114.0.5735.134 with binary path C:\Program Files\Google\Chrome\Application\chrome.exe
Build info: version: '3.14.0', revision: 'aacccce0', time: '2018-08-02T20:13:22.693Z'
System info: host: 'SHIVA007', ip: '192.168.29.99', os.name: 'Windows 10', os.arch: 'amd64', os.version: '10.0', java.version: '1.8.0_121'
Driver info: driver.version: ChromeDriver
remote stacktrace: Backtrace:
Ordinal0 [0x00F06903+2517251]
Ordinal0 [0x00E9F8E1+2095329]
Ordinal0 [0x00DA2848+1058888]
Ordinal0 [0x00DC0B9D+1182621]
Ordinal0 [0x00DBCA60+1165920]
Ordinal0 [0x00DBA2CF+1155791]
Ordinal0 [0x00DEAAAF+1354415]
Ordinal0 [0x00DEA71A+1353498]
Ordinal0 [0x00DE639B+1336219]
Ordinal0 [0x00DC27A7+1189799]
Ordinal0 [0x00DC3609+1193481]
GetHandleVerifier [0x01095904+1577972]
GetHandleVerifier [0x01140B97+2279047]
GetHandleVerifier [0x00F96D09+534521]
GetHandleVerifier [0x00F95DB9+530601]
Ordinal0 [0x00EA4FF9+2117625]
Ordinal0 [0x00EA98A8+2136232]
Ordinal0 [0x00EA99E2+2136546]
Ordinal0 [0x00EB3541+2176321]
BaseThreadInitThunk [0x759800C9+25]
RtlGetAppContainerNamedObjectPath [0x77B27B4E+286]
RtlGetAppContainerNamedObjectPath [0x77B27B1E+238]

at sun.reflect.NativeConstructorAccessorImpl.newInstance0(Native Method)
at sun.reflect.NativeConstructorAccessorImpl.newInstance(Unknown Source)
at sun.reflect.DelegatingConstructorAccessorImpl.newInstance(Unknown Source)
at java.lang.reflect.Constructor.newInstance(Unknown Source)
at org.openqa.selenium.remote.W3CHandshakeResponse.lambda$new$0(W3CHandshakeResponse.java:57)
at org.openqa.selenium.remote.W3CHandshakeResponse.lambda$getResponseFunction$2(W3CHandshakeResponse.java:104)
at org.openqa.selenium.remote.ProtocolHandshake.lambda$createSession$0(ProtocolHandshake.java:122)
at java.util.stream.ReferencePipeline$3$1.accept(Unknown Source)
at java.util.Spliterators$ArraySpliterator.tryAdvance(Unknown Source)
at java.util.stream.ReferencePipeline.forEachWithCancel(Unknown Source)
at java.util.stream.AbstractPipeline.copyIntoWithCancel(Unknown Source)
at java.util.stream.AbstractPipeline.copyInto(Unknown Source)
at java.util.stream.AbstractPipeline.wrapAndCopyInto(Unknown Source)
at java.util.stream.FindOps$FindOp.evaluateSequential(Unknown Source)
at java.util.stream.AbstractPipeline.evaluate(Unknown Source)
at java.util.stream.ReferencePipeline.findFirst(Unknown Source)
at org.openqa.selenium.remote.ProtocolHandshake.createSession(ProtocolHandshake.java:125)
at org.openqa.selenium.remote.ProtocolHandshake.createSession(ProtocolHandshake.java:73)
at org.openqa.selenium.remote.HttpCommandExecutor.execute(HttpCommandExecutor.java:136)
at org.openqa.selenium.remote.service.DriverCommandExecutor.execute(DriverCommandExecutor.java:83)
at org.openqa.selenium.remote.RemoteWebDriver.execute(RemoteWebDriver.java:548)
at org.openqa.selenium.remote.RemoteWebDriver.startSession(RemoteWebDriver.java:212)
at org.openqa.selenium.remote.RemoteWebDriver.<init>(RemoteWebDriver.java:130)
at org.openqa.selenium.chrome.ChromeDriver.<init>(ChromeDriver.java:181)
at org.openqa.selenium.chrome.ChromeDriver.<init>(ChromeDriver.java:168)
at org.openqa.selenium.chrome.ChromeDriver.<init>(ChromeDriver.java:123)
at Constant.PBConstant.setUP(PBConstant.java:25)
at sun.reflect.NativeMethodAccessorImpl.invoke0(Native Method)
at sun.reflect.NativeMethodAccessorImpl.invoke(Unknown Source)
at sun.reflect.DelegatingMethodAccessorImpl.invoke(Unknown Source)
at java.lang.reflect.Method.invoke(Unknown Source)
at org.testng.internal.MethodInvocationHelper.invokeMethod(MethodInvocationHelper.java:124)
at org.testng.internal.MethodInvocationHelper.invokeMethodConsideringTimeout(MethodInvocationHelper.java:59)
at org.testng.internal.Invoker.invokeConfigurationMethod(Invoker.java:458)
at org.testng.internal.Invoker.invokeConfigurations(Invoker.java:222)
at org.testng.internal.Invoker.invokeConfigurations(Invoker.java:142)
at org.testng.SuiteRunner.privateRun(SuiteRunner.java:401)
at org.testng.SuiteRunner.run(SuiteRunner.java:364)
at org.testng.SuiteRunnerWorker.runSuite(SuiteRunnerWorker.java:52)
at org.testng.SuiteRunnerWorker.run(SuiteRunnerWorker.java:84)
at org.testng.TestNG.runSuitesSequentially(TestNG.java:1208)
at org.testng.TestNG.runSuitesLocally(TestNG.java:1137)
at org.testng.TestNG.runSuites(TestNG.java:1049)
at org.testng.TestNG.run(TestNG.java:1017)
at org.testng.TestNG.privateMain(TestNG.java:1354)
at org.testng.TestNG.main(TestNG.java:1323)
]]>
            </full-stacktrace>
          </exception> <!-- org.openqa.selenium.SessionNotCreatedException -->
          <reporter-output>
          </reporter-output>
        </test-method> <!-- setUP -->
        <test-method status="SKIP" signature="startTest()[pri:0, instance:DriverFactory.DriverScript@59ec2012]" name="startTest" duration-ms="0" started-at="2023-06-21T05:10:38Z" finished-at="2023-06-21T05:10:38Z">
          <exception class="org.openqa.selenium.SessionNotCreatedException">
            <message>
              <![CDATA[session not created: This version of ChromeDriver only supports Chrome version 96
Current browser version is 114.0.5735.134 with binary path C:\Program Files\Google\Chrome\Application\chrome.exe
Build info: version: '3.14.0', revision: 'aacccce0', time: '2018-08-02T20:13:22.693Z'
System info: host: 'SHIVA007', ip: '192.168.29.99', os.name: 'Windows 10', os.arch: 'amd64', os.version: '10.0', java.version: '1.8.0_121'
Driver info: driver.version: ChromeDriver
remote stacktrace: Backtrace:
Ordinal0 [0x00F06903+2517251]
Ordinal0 [0x00E9F8E1+2095329]
Ordinal0 [0x00DA2848+1058888]
Ordinal0 [0x00DC0B9D+1182621]
Ordinal0 [0x00DBCA60+1165920]
Ordinal0 [0x00DBA2CF+1155791]
Ordinal0 [0x00DEAAAF+1354415]
Ordinal0 [0x00DEA71A+1353498]
Ordinal0 [0x00DE639B+1336219]
Ordinal0 [0x00DC27A7+1189799]
Ordinal0 [0x00DC3609+1193481]
GetHandleVerifier [0x01095904+1577972]
GetHandleVerifier [0x01140B97+2279047]
GetHandleVerifier [0x00F96D09+534521]
GetHandleVerifier [0x00F95DB9+530601]
Ordinal0 [0x00EA4FF9+2117625]
Ordinal0 [0x00EA98A8+2136232]
Ordinal0 [0x00EA99E2+2136546]
Ordinal0 [0x00EB3541+2176321]
BaseThreadInitThunk [0x759800C9+25]
RtlGetAppContainerNamedObjectPath [0x77B27B4E+286]
RtlGetAppContainerNamedObjectPath [0x77B27B1E+238]
]]>
            </message>
            <full-stacktrace>
              <![CDATA[org.openqa.selenium.SessionNotCreatedException: session not created: This version of ChromeDriver only supports Chrome version 96
Current browser version is 114.0.5735.134 with binary path C:\Program Files\Google\Chrome\Application\chrome.exe
Build info: version: '3.14.0', revision: 'aacccce0', time: '2018-08-02T20:13:22.693Z'
System info: host: 'SHIVA007', ip: '192.168.29.99', os.name: 'Windows 10', os.arch: 'amd64', os.version: '10.0', java.version: '1.8.0_121'
Driver info: driver.version: ChromeDriver
remote stacktrace: Backtrace:
Ordinal0 [0x00F06903+2517251]
Ordinal0 [0x00E9F8E1+2095329]
Ordinal0 [0x00DA2848+1058888]
Ordinal0 [0x00DC0B9D+1182621]
Ordinal0 [0x00DBCA60+1165920]
Ordinal0 [0x00DBA2CF+1155791]
Ordinal0 [0x00DEAAAF+1354415]
Ordinal0 [0x00DEA71A+1353498]
Ordinal0 [0x00DE639B+1336219]
Ordinal0 [0x00DC27A7+1189799]
Ordinal0 [0x00DC3609+1193481]
GetHandleVerifier [0x01095904+1577972]
GetHandleVerifier [0x01140B97+2279047]
GetHandleVerifier [0x00F96D09+534521]
GetHandleVerifier [0x00F95DB9+530601]
Ordinal0 [0x00EA4FF9+2117625]
Ordinal0 [0x00EA98A8+2136232]
Ordinal0 [0x00EA99E2+2136546]
Ordinal0 [0x00EB3541+2176321]
BaseThreadInitThunk [0x759800C9+25]
RtlGetAppContainerNamedObjectPath [0x77B27B4E+286]
RtlGetAppContainerNamedObjectPath [0x77B27B1E+238]

at sun.reflect.NativeConstructorAccessorImpl.newInstance0(Native Method)
at sun.reflect.NativeConstructorAccessorImpl.newInstance(Unknown Source)
at sun.reflect.DelegatingConstructorAccessorImpl.newInstance(Unknown Source)
at java.lang.reflect.Constructor.newInstance(Unknown Source)
at org.openqa.selenium.remote.W3CHandshakeResponse.lambda$new$0(W3CHandshakeResponse.java:57)
at org.openqa.selenium.remote.W3CHandshakeResponse.lambda$getResponseFunction$2(W3CHandshakeResponse.java:104)
at org.openqa.selenium.remote.ProtocolHandshake.lambda$createSession$0(ProtocolHandshake.java:122)
at java.util.stream.ReferencePipeline$3$1.accept(Unknown Source)
at java.util.Spliterators$ArraySpliterator.tryAdvance(Unknown Source)
at java.util.stream.ReferencePipeline.forEachWithCancel(Unknown Source)
at java.util.stream.AbstractPipeline.copyIntoWithCancel(Unknown Source)
at java.util.stream.AbstractPipeline.copyInto(Unknown Source)
at java.util.stream.AbstractPipeline.wrapAndCopyInto(Unknown Source)
at java.util.stream.FindOps$FindOp.evaluateSequential(Unknown Source)
at java.util.stream.AbstractPipeline.evaluate(Unknown Source)
at java.util.stream.ReferencePipeline.findFirst(Unknown Source)
at org.openqa.selenium.remote.ProtocolHandshake.createSession(ProtocolHandshake.java:125)
at org.openqa.selenium.remote.ProtocolHandshake.createSession(ProtocolHandshake.java:73)
at org.openqa.selenium.remote.HttpCommandExecutor.execute(HttpCommandExecutor.java:136)
at org.openqa.selenium.remote.service.DriverCommandExecutor.execute(DriverCommandExecutor.java:83)
at org.openqa.selenium.remote.RemoteWebDriver.execute(RemoteWebDriver.java:548)
at org.openqa.selenium.remote.RemoteWebDriver.startSession(RemoteWebDriver.java:212)
at org.openqa.selenium.remote.RemoteWebDriver.<init>(RemoteWebDriver.java:130)
at org.openqa.selenium.chrome.ChromeDriver.<init>(ChromeDriver.java:181)
at org.openqa.selenium.chrome.ChromeDriver.<init>(ChromeDriver.java:168)
at org.openqa.selenium.chrome.ChromeDriver.<init>(ChromeDriver.java:123)
at Constant.PBConstant.setUP(PBConstant.java:25)
at sun.reflect.NativeMethodAccessorImpl.invoke0(Native Method)
at sun.reflect.NativeMethodAccessorImpl.invoke(Unknown Source)
at sun.reflect.DelegatingMethodAccessorImpl.invoke(Unknown Source)
at java.lang.reflect.Method.invoke(Unknown Source)
at org.testng.internal.MethodInvocationHelper.invokeMethod(MethodInvocationHelper.java:124)
at org.testng.internal.MethodInvocationHelper.invokeMethodConsideringTimeout(MethodInvocationHelper.java:59)
at org.testng.internal.Invoker.invokeConfigurationMethod(Invoker.java:458)
at org.testng.internal.Invoker.invokeConfigurations(Invoker.java:222)
at org.testng.internal.Invoker.invokeConfigurations(Invoker.java:142)
at org.testng.SuiteRunner.privateRun(SuiteRunner.java:401)
at org.testng.SuiteRunner.run(SuiteRunner.java:364)
at org.testng.SuiteRunnerWorker.runSuite(SuiteRunnerWorker.java:52)
at org.testng.SuiteRunnerWorker.run(SuiteRunnerWorker.java:84)
at org.testng.TestNG.runSuitesSequentially(TestNG.java:1208)
at org.testng.TestNG.runSuitesLocally(TestNG.java:1137)
at org.testng.TestNG.runSuites(TestNG.java:1049)
at org.testng.TestNG.run(TestNG.java:1017)
at org.testng.TestNG.privateMain(TestNG.java:1354)
at org.testng.TestNG.main(TestNG.java:1323)
]]>
            </full-stacktrace>
          </exception> <!-- org.openqa.selenium.SessionNotCreatedException -->
          <reporter-output>
          </reporter-output>
        </test-method> <!-- startTest -->
        <test-method status="SKIP" signature="tearDown()[pri:0, instance:DriverFactory.DriverScript@59ec2012]" name="tearDown" is-config="true" duration-ms="0" started-at="2023-06-21T05:10:38Z" finished-at="2023-06-21T05:10:38Z">
          <reporter-output>
          </reporter-output>
        </test-method> <!-- tearDown -->
      </class> <!-- DriverFactory.DriverScript -->
    </test> <!-- hybrid -->
  </suite> <!-- FrameWorks -->
</testng-results>
